<?xml version="1.0" encoding="UTF-8" ?>
<testsuite tests="1" failures="0" name="Demo.Hello_Docker.AppTest" time="0" errors="0" skipped="0">
  <properties>
    <property name="java.runtime.name" value="Java(TM) SE Runtime Environment"/>
    <property name="java.vm.version" value="13.0.1+9"/>
    <property name="sun.boot.library.path" value="C:\Program Files\Java\jdk-13.0.1\bin"/>
    <property name="maven.multiModuleProjectDirectory" value="E:\Workspaces\Docker\Hello_Docker"/>
    <property name="java.vm.vendor" value="Oracle Corporation"/>
    <property name="java.vendor.url" value="https://java.oracle.com/"/>
    <property name="guice.disable.misplaced.annotation.check" value="true"/>
    <property name="path.separator" value=";"/>
    <property name="java.vm.name" value="Java HotSpot(TM) 64-Bit Server VM"/>
    <property name="sun.os.patch.level" value=""/>
    <property name="user.script" value=""/>
    <property name="user.country" value="IN"/>
    <property name="sun.java.launcher" value="SUN_STANDARD"/>
    <property name="java.vm.specification.name" value="Java Virtual Machine Specification"/>
    <property name="user.dir" value="E:\Workspaces\Docker\Hello_Docker"/>
    <property name="java.vm.compressedOopsMode" value="32-bit"/>
    <property name="java.runtime.version" value="13.0.1+9"/>
    <property name="os.arch" value="amd64"/>
    <property name="java.io.tmpdir" value="C:\Users\ashwa\AppData\Local\Temp\"/>
    <property name="line.separator" value="
"/>
    <property name="java.vm.specification.vendor" value="Oracle Corporation"/>
    <property name="user.variant" value=""/>
    <property name="os.name" value="Windows 10"/>
    <property name="classworlds.conf" value="E:\Workspaces\Java_Workspace\.metadata\.plugins\org.eclipse.m2e.launching\launches\m2conf5219306261072509531.tmp"/>
    <property name="sun.jnu.encoding" value="Cp1252"/>
    <property name="java.library.path" value="C:\Program Files\Java\jdk-13.0.1\bin;C:\WINDOWS\Sun\Java\bin;C:\WINDOWS\system32;C:\WINDOWS;C:/Program Files/Java/jdk-13.0.1/bin/server;C:/Program Files/Java/jdk-13.0.1/bin;C:\Python39\Scripts\;C:\Python39\;C:\Program Files (x86)\Intel\Intel(R) Management Engine Components\iCLS\;C:\Program Files\Intel\Intel(R) Management Engine Components\iCLS\;C:\WINDOWS\system32;C:\WINDOWS;C:\WINDOWS\System32\Wbem;C:\WINDOWS\System32\WindowsPowerShell\v1.0\;C:\WINDOWS\System32\OpenSSH\;C:\xampp\mysql\bin;C:\Program Files (x86)\Intel\Intel(R) Management Engine Components\DAL;C:\Program Files\Intel\Intel(R) Management Engine Components\DAL;C:\Program Files (x86)\Intel\Intel(R) Management Engine Components\IPT;C:\Program Files\Intel\Intel(R) Management Engine Components\IPT;C:\Program Files\Java\apache-maven-3.6.3\bin;C:\Users\ashwa\AppData\Local\Android\Sdk\build-tools;C:\Users\ashwa\AppData\Local\Android\Sdk\platfroms;C:\Users\ashwa\AppData\Local\Android\Sdk\platform-tools;C:\Users\ashwa\AppData\Local\Android\Sdk\tools\bin;C:\Program Files\Java\jdk-13.0.1\bin;C:\Users\ashwa\Anaconda3;C:\Users\ashwa\Anaconda3\Scripts;C:\Users\ashwa\Anaconda3\Library\bin;C:\Program Files (x86)\Jenkins\;C:\ProgramData\chocolatey\bin;C:\Users\ashwa\AppData\Local\Microsoft\WindowsApps;C:\xampp\mysql\bin;C:\Program Files\Java\apache-maven-3.6.3\bin;C:\Users\ashwa\AppData\Local\Android\Sdk\build-tools;C:\Users\ashwa\AppData\Local\Android\Sdk\platfroms;C:\Users\ashwa\AppData\Local\Android\Sdk\platform-tools;C:\Users\ashwa\AppData\Local\Android\Sdk\tools\bin;C:\Program Files\Java\jdk-13.0.1\bin;C:\Users\ashwa\Anaconda3;C:\Users\ashwa\Anaconda3\Scripts;C:\Users\ashwa\Anaconda3\Library\bin;C:\Program Files (x86)\Dev-Cpp\MinGW64\bin;C:\Program Files (x86)\Dev-Cpp\MinGW64\x86_64-w64-mingw32\bin;;C:\Users\ashwa\Desktop;;."/>
    <property name="jdk.debug" value="release"/>
    <property name="java.class.version" value="57.0"/>
    <property name="java.specification.name" value="Java Platform API Specification"/>
    <property name="sun.management.compiler" value="HotSpot 64-Bit Tiered Compilers"/>
    <property name="os.version" value="10.0"/>
    <property name="user.home" value="C:\Users\ashwa"/>
    <property name="user.timezone" value="Asia/Calcutta"/>
    <property name="file.encoding" value="Cp1252"/>
    <property name="java.specification.version" value="13"/>
    <property name="user.name" value="ashwani"/>
    <property name="java.class.path" value="C:\Users\ashwa\.p2\pool\plugins\org.eclipse.m2e.maven.runtime_1.16.0.20210129-0849\jars\plexus-classworlds-2.6.0.jar"/>
    <property name="java.vm.specification.version" value="13"/>
    <property name="sun.arch.data.model" value="64"/>
    <property name="sun.java.command" value="org.codehaus.plexus.classworlds.launcher.Launcher -B -o install"/>
    <property name="java.home" value="C:\Program Files\Java\jdk-13.0.1"/>
    <property name="user.language" value="en"/>
    <property name="java.specification.vendor" value="Oracle Corporation"/>
    <property name="java.vm.info" value="mixed mode, sharing"/>
    <property name="java.version" value="13.0.1"/>
    <property name="java.vendor" value="Oracle Corporation"/>
    <property name="maven.home" value="E:\Workspaces\Docker\Hello_Docker\EMBEDDED"/>
    <property name="file.separator" value="\"/>
    <property name="java.version.date" value="2019-10-15"/>
    <property name="java.vendor.url.bug" value="https://bugreport.java.com/bugreport/"/>
    <property name="sun.io.unicode.encoding" value="UnicodeLittle"/>
    <property name="sun.cpu.endian" value="little"/>
    <property name="sun.cpu.isalist" value="amd64"/>
  </properties>
  <testcase classname="Demo.Hello_Docker.AppTest" name="testApp" time="0"/>
</testsuite>